Arguments: 
  /home/thornton/.nvm/versions/node/v17.0.1/bin/node /home/thornton/Desktop/Strata/strata/.yarn/releases/yarn-1.22.4.js add -D @types/bn.js

PATH: 
  /home/thornton/.local/share/solana/install/active_release/bin:/home/thornton/.yarn/bin:/home/thornton/.nvm/versions/node/v17.0.1/bin:/home/thornton/.cargo/bin:/home/thornton/.local/share/solana/install/active_release/bin:/home/thornton/.local/bin:/usr/local/bin:/usr/bin:/bin:/usr/local/sbin:/usr/bin/site_perl:/usr/bin/vendor_perl:/usr/bin/core_perl:/var/lib/snapd/snap/bin

Yarn version: 
  1.22.4

Node version: 
  17.0.1

Platform: 
  linux x64

Trace: 
  Error: ENOENT: no such file or directory, copyfile '/home/thornton/.cache/yarn/v6/npm-buffer-6.0.1-3cbea8c1463e5a0779e30b66d4c88c6ffa182ac2-integrity/node_modules/buffer/AUTHORS.md' -> '/home/thornton/Desktop/Strata/strata/node_modules/@solana/web3.js/node_modules/buffer/AUTHORS.md'

npm manifest: 
  {
    "name": "@strata-foundation/spl-utils",
    "version": "3.10.0",
    "description": "Utils shared across spl suite",
    "publishConfig": {
      "access": "public",
      "registry": "https://registry.npmjs.org/"
    },
    "repository": {
      "type": "git",
      "url": "https://github.com/StrataFoundation/strata"
    },
    "main": "dist/index.umd.js",
    "module": "dist/index.js",
    "types": "dist/index.d.ts",
    "sideEffects": false,
    "files": [
      "dist"
    ],
    "scripts": {
      "format": "prettier --write \"src/**/*.{ts,tsx}\"",
      "precommit": "npx git-format-staged -f 'prettier --ignore-unknown --stdin --stdin-filepath \"{}\"' .",
      "clean": "npx shx mkdir -p lib && npx shx rm -rf lib",
      "package": "npx shx mkdir -p lib/cjs lib/esm",
      "prebuild": "npm run clean && npm run package"
    },
    "dependencies": {
      "@metaplex-foundation/mpl-token-metadata": "^1.2.5",
      "@metaplex/arweave-cost": "1.0.4",
      "@project-serum/anchor": "^0.24.2",
      "@solana/spl-token": "0.1.8",
      "@solana/web3.js": "^1.43.4",
      "bn.js": "^5.2.0",
      "borsh": "^0.7.0",
      "bs58": "^4.0.1",
      "eventemitter3": "^4.0.7",
      "localstorage-memory": "^1.0.3"
    },
    "devDependencies": {
      "@rollup/plugin-commonjs": "^22.0.1",
      "@rollup/plugin-json": "^4.1.0",
      "@rollup/plugin-node-resolve": "^13.3.0",
      "@rollup/plugin-replace": "^4.0.0",
      "@rollup/plugin-typescript": "^8.3.4",
      "@types/bs58": "^4.0.1",
      "rollup": "^2.77.2",
      "rollup-plugin-auto-external": "^2.0.0",
      "rollup-plugin-terser": "^7.0.2",
      "style-loader": "^2.0.0",
      "ts-loader": "^9.2.3",
      "typescript": "^4.3.4"
    },
    "gitHead": "ff670e6a6211209648c56dd69e5f5dfbda631b42"
  }

yarn manifest: 
  No manifest

Lockfile: 
  No lockfile
